-------------------------------------------------------------------------------
Test set: asd.demo.model.dao.MongoDBConnectorTest
-------------------------------------------------------------------------------
<<<<<<< HEAD
<<<<<<< HEAD
<<<<<<< HEAD
Tests run: 1, Failures: 0, Errors: 0, Skipped: 0, Time elapsed: 0.989 sec
=======
Tests run: 1, Failures: 0, Errors: 0, Skipped: 0, Time elapsed: 0.978 sec
>>>>>>> parent of 6a490bf... UI and Unit test
=======
Tests run: 1, Failures: 0, Errors: 0, Skipped: 0, Time elapsed: 0.978 sec
>>>>>>> parent of 6a490bf... UI and Unit test
=======
Tests run: 1, Failures: 0, Errors: 0, Skipped: 0, Time elapsed: 0.978 sec
>>>>>>> parent of 6a490bf... UI and Unit test
